2022/08/06 23:14:02 [notice] 1#1: using the "epoll" event method
2022/08/06 23:14:02 [notice] 1#1: nginx/1.21.6
2022/08/06 23:14:02 [notice] 1#1: built by gcc 10.2.1 20210110 (Debian 10.2.1-6) 
2022/08/06 23:14:02 [notice] 1#1: OS: Linux 5.15.0-43-generic
2022/08/06 23:14:02 [notice] 1#1: getrlimit(RLIMIT_NOFILE): 1048576:1048576
2022/08/06 23:14:02 [notice] 1#1: start worker processes
2022/08/06 23:14:02 [notice] 1#1: start worker process 22
2022/08/06 23:14:02 [notice] 1#1: start worker process 23
2022/08/06 23:18:47 [notice] 1#1: signal 3 (SIGQUIT) received, shutting down
2022/08/06 23:18:47 [notice] 22#22: gracefully shutting down
2022/08/06 23:18:47 [notice] 23#23: gracefully shutting down
2022/08/06 23:18:47 [notice] 22#22: exiting
2022/08/06 23:18:47 [notice] 23#23: exiting
2022/08/06 23:18:47 [notice] 22#22: exit
2022/08/06 23:18:47 [notice] 23#23: exit
2022/08/06 23:18:47 [notice] 1#1: signal 17 (SIGCHLD) received from 22
2022/08/06 23:18:47 [notice] 1#1: worker process 22 exited with code 0
2022/08/06 23:18:47 [notice] 1#1: signal 29 (SIGIO) received
2022/08/06 23:18:47 [notice] 1#1: signal 17 (SIGCHLD) received from 23
2022/08/06 23:18:47 [notice] 1#1: worker process 23 exited with code 0
2022/08/06 23:18:47 [notice] 1#1: exit
2022/08/06 23:18:52 [notice] 1#1: using the "epoll" event method
2022/08/06 23:18:52 [notice] 1#1: nginx/1.21.6
2022/08/06 23:18:52 [notice] 1#1: built by gcc 10.2.1 20210110 (Debian 10.2.1-6) 
2022/08/06 23:18:52 [notice] 1#1: OS: Linux 5.15.0-43-generic
2022/08/06 23:18:52 [notice] 1#1: getrlimit(RLIMIT_NOFILE): 1048576:1048576
2022/08/06 23:18:52 [notice] 1#1: start worker processes
2022/08/06 23:18:52 [notice] 1#1: start worker process 21
2022/08/06 23:18:52 [notice] 1#1: start worker process 22
2022/08/06 23:18:58 [error] 22#22: *1 directory index of "/var/www/symfony54/" is forbidden, client: 172.18.0.1, server: symfony54, request: "GET / HTTP/1.1", host: "symfony54"
2022/08/06 23:18:58 [error] 22#22: *1 open() "/var/www/symfony54/favicon.ico" failed (2: No such file or directory), client: 172.18.0.1, server: symfony54, request: "GET /favicon.ico HTTP/1.1", host: "symfony54", referrer: "http://symfony54/"
2022/08/06 23:19:22 [notice] 1#1: signal 3 (SIGQUIT) received, shutting down
2022/08/06 23:19:22 [notice] 21#21: gracefully shutting down
2022/08/06 23:19:22 [notice] 21#21: exiting
2022/08/06 23:19:22 [notice] 21#21: exit
2022/08/06 23:19:22 [notice] 22#22: gracefully shutting down
2022/08/06 23:19:22 [notice] 1#1: signal 17 (SIGCHLD) received from 21
2022/08/06 23:19:22 [notice] 1#1: worker process 21 exited with code 0
2022/08/06 23:19:22 [notice] 1#1: signal 29 (SIGIO) received
2022/08/06 23:19:35 [notice] 1#1: using the "epoll" event method
2022/08/06 23:19:35 [notice] 1#1: nginx/1.21.6
2022/08/06 23:19:35 [notice] 1#1: built by gcc 10.2.1 20210110 (Debian 10.2.1-6) 
2022/08/06 23:19:35 [notice] 1#1: OS: Linux 5.15.0-43-generic
2022/08/06 23:19:35 [notice] 1#1: getrlimit(RLIMIT_NOFILE): 1048576:1048576
2022/08/06 23:19:35 [notice] 1#1: start worker processes
2022/08/06 23:19:35 [notice] 1#1: start worker process 22
2022/08/06 23:19:35 [notice] 1#1: start worker process 23
